
/home/runner/work/exp-step-up-chopper-r-load-iitr/exp-step-up-chopper-r-load-iitr/experiment/simulation/Step-up Chopper/js/datasets.js
  13610:7  warning  'xval' is assigned a value but never used     no-unused-vars
  14275:7  warning  'dataset' is assigned a value but never used  no-unused-vars

/home/runner/work/exp-step-up-chopper-r-load-iitr/exp-step-up-chopper-r-load-iitr/experiment/simulation/Step-up Chopper/js/graph.js
    1:10  warning  'plotData' is defined but never used      no-unused-vars
    3:5   warning  'values' is not defined                   no-undef
    4:5   warning  'values' is not defined                   no-undef
    5:5   warning  'values' is not defined                   no-undef
    6:5   warning  'values' is not defined                   no-undef
   10:17  warning  'dataset' is not defined                  no-undef
   11:5   warning  'a' is not defined                        no-undef
   16:5   warning  'Plotly' is not defined                   no-undef
   20:14  warning  'xval' is not defined                     no-undef
   21:14  warning  'a' is not defined                        no-undef
   39:24  warning  'values' is not defined                   no-undef
   55:5   warning  'Plotly' is not defined                   no-undef
   59:14  warning  'xval' is not defined                     no-undef
   60:14  warning  'a' is not defined                        no-undef
   78:24  warning  'values' is not defined                   no-undef
   81:23  warning  'a' is not defined                        no-undef
   81:39  warning  'a' is not defined                        no-undef
   81:49  warning  'a' is not defined                        no-undef
   81:65  warning  'a' is not defined                        no-undef
   93:5   warning  'Plotly' is not defined                   no-undef
   97:14  warning  'xval' is not defined                     no-undef
   98:14  warning  'a' is not defined                        no-undef
  116:24  warning  'values' is not defined                   no-undef
  119:23  warning  'a' is not defined                        no-undef
  119:39  warning  'a' is not defined                        no-undef
  119:49  warning  'a' is not defined                        no-undef
  119:65  warning  'a' is not defined                        no-undef
  131:5   warning  'Plotly' is not defined                   no-undef
  135:14  warning  'xval' is not defined                     no-undef
  136:14  warning  'a' is not defined                        no-undef
  155:19  warning  'values' is not defined                   no-undef
  155:49  warning  'values' is not defined                   no-undef
  158:23  warning  'a' is not defined                        no-undef
  158:39  warning  'a' is not defined                        no-undef
  158:49  warning  'a' is not defined                        no-undef
  158:65  warning  'a' is not defined                        no-undef
  169:10  warning  'Reset' is defined but never used         no-unused-vars
  173:10  warning  'showtable' is defined but never used     no-unused-vars
  175:8   warning  Unexpected constant condition             no-constant-condition
  182:25  warning  'values' is not defined                   no-undef
  183:28  warning  'values' is not defined                   no-undef
  184:31  warning  'values' is not defined                   no-undef
  185:28  warning  'values' is not defined                   no-undef
  200:9   warning  'xval' is not defined                     no-undef
  204:15  warning  'dataset' is not defined                  no-undef
  205:9   warning  'xval' is not defined                     no-undef
  252:3   warning  'values' is not defined                   no-undef
  253:3   warning  'values' is not defined                   no-undef
  254:3   warning  'values' is not defined                   no-undef
  255:3   warning  'values' is not defined                   no-undef
  264:10  warning  'generateData' is defined but never used  no-unused-vars
  265:27  warning  'values' is not defined                   no-undef
  266:27  warning  'values' is not defined                   no-undef
  267:27  warning  'values' is not defined                   no-undef
  268:25  warning  'values' is not defined                   no-undef
  269:31  warning  'values' is not defined                   no-undef
  270:28  warning  'combination' is not defined              no-undef
  271:28  warning  'combination' is not defined              no-undef
  272:28  warning  'combination' is not defined              no-undef
  273:28  warning  'combination' is not defined              no-undef
  274:28  warning  'combination' is not defined              no-undef
  275:28  warning  'combination' is not defined              no-undef
  378:3   warning  'values' is not defined                   no-undef
  379:3   warning  'values' is not defined                   no-undef
  380:3   warning  'values' is not defined                   no-undef
  381:3   warning  'values' is not defined                   no-undef

/home/runner/work/exp-step-up-chopper-r-load-iitr/exp-step-up-chopper-r-load-iitr/experiment/simulation/Step-up Chopper/js/popup.js
   6:10  warning  'openPopup' is defined but never used        no-unused-vars
  13:10  warning  'openPopupbutton' is defined but never used  no-unused-vars
  22:10  warning  'closePopup' is defined but never used       no-unused-vars

/home/runner/work/exp-step-up-chopper-r-load-iitr/exp-step-up-chopper-r-load-iitr/experiment/simulation/Step-up Chopper/js/script.js
   109:5   warning  'combination_flag' is assigned a value but never used  no-unused-vars
   111:16  warning  'jsPlumb' is not defined                               no-undef
   116:3   warning  '$' is not defined                                     no-undef
   121:3   warning  '$' is not defined                                     no-undef
   123:11  warning  '$' is not defined                                     no-undef
   129:16  warning  Empty block statement                                  no-empty
   131:18  warning  '$' is not defined                                     no-undef
   132:13  warning  'a' is already defined                                 no-redeclare
   137:16  warning  Empty block statement                                  no-empty
   139:18  warning  '$' is not defined                                     no-undef
   140:13  warning  'a' is already defined                                 no-redeclare
   145:16  warning  Empty block statement                                  no-empty
   147:18  warning  '$' is not defined                                     no-undef
   148:13  warning  'a' is already defined                                 no-redeclare
   153:16  warning  Empty block statement                                  no-empty
   155:18  warning  '$' is not defined                                     no-undef
   156:13  warning  'a' is already defined                                 no-redeclare
   161:16  warning  Empty block statement                                  no-empty
   163:18  warning  '$' is not defined                                     no-undef
   164:13  warning  'a' is already defined                                 no-redeclare
   169:16  warning  Empty block statement                                  no-empty
   171:18  warning  '$' is not defined                                     no-undef
   172:13  warning  'a' is already defined                                 no-redeclare
   177:16  warning  Empty block statement                                  no-empty
   179:18  warning  '$' is not defined                                     no-undef
   180:13  warning  'a' is already defined                                 no-redeclare
   185:16  warning  Empty block statement                                  no-empty
   187:18  warning  '$' is not defined                                     no-undef
   188:13  warning  'a' is already defined                                 no-redeclare
   193:16  warning  Empty block statement                                  no-empty
   195:18  warning  '$' is not defined                                     no-undef
   196:13  warning  'a' is already defined                                 no-redeclare
   201:16  warning  Empty block statement                                  no-empty
   203:18  warning  '$' is not defined                                     no-undef
   204:13  warning  'a' is already defined                                 no-redeclare
   209:16  warning  Empty block statement                                  no-empty
   563:12  warning  'createEnd' is defined but never used                  no-unused-vars
   915:9   warning  'plotData' is not defined                              no-undef
   920:38  warning  'event' is defined but never used                      no-unused-vars
   939:7   warning  'openPopup' is not defined                             no-undef
   955:16  warning  'ele' is already defined                               no-redeclare
   968:3   warning  '$' is not defined                                     no-undef
   973:3   warning  '$' is not defined                                     no-undef
   975:5   warning  '$' is not defined                                     no-undef
   976:30  warning  '$' is not defined                                     no-undef
   979:7   warning  '$' is not defined                                     no-undef
  1007:7   warning  '$' is not defined                                     no-undef
  1038:5   warning  '$' is not defined                                     no-undef
  1038:42  warning  'event' is defined but never used                      no-unused-vars
  1039:7   warning  '$' is not defined                                     no-undef
  1042:3   warning  '$' is not defined                                     no-undef
  1044:5   warning  '$' is not defined                                     no-undef
  1045:30  warning  '$' is not defined                                     no-undef
  1048:7   warning  '$' is not defined                                     no-undef
  1076:7   warning  '$' is not defined                                     no-undef
  1107:5   warning  '$' is not defined                                     no-undef
  1107:42  warning  'event' is defined but never used                      no-unused-vars
  1108:7   warning  '$' is not defined                                     no-undef
  1113:3   warning  '$' is not defined                                     no-undef
  1115:5   warning  '$' is not defined                                     no-undef
  1116:30  warning  '$' is not defined                                     no-undef
  1119:7   warning  '$' is not defined                                     no-undef
  1147:7   warning  '$' is not defined                                     no-undef
  1175:5   warning  '$' is not defined                                     no-undef
  1175:42  warning  'event' is defined but never used                      no-unused-vars
  1176:7   warning  '$' is not defined                                     no-undef
  1182:3   warning  '$' is not defined                                     no-undef
  1184:5   warning  '$' is not defined                                     no-undef
  1185:30  warning  '$' is not defined                                     no-undef
  1187:7   warning  '$' is not defined                                     no-undef
  1243:7   warning  '$' is not defined                                     no-undef
  1276:5   warning  '$' is not defined                                     no-undef
  1276:42  warning  'event' is defined but never used                      no-unused-vars
  1277:7   warning  '$' is not defined                                     no-undef
  1281:3   warning  '$' is not defined                                     no-undef
  1283:5   warning  '$' is not defined                                     no-undef
  1284:30  warning  '$' is not defined                                     no-undef
  1286:5   warning  '$' is not defined                                     no-undef
  1301:5   warning  '$' is not defined                                     no-undef
  1301:42  warning  'event' is defined but never used                      no-unused-vars
  1302:7   warning  '$' is not defined                                     no-undef
  1305:3   warning  '$' is not defined                                     no-undef
  1307:5   warning  '$' is not defined                                     no-undef
  1308:30  warning  '$' is not defined                                     no-undef
  1310:5   warning  '$' is not defined                                     no-undef
  1325:5   warning  '$' is not defined                                     no-undef
  1325:42  warning  'event' is defined but never used                      no-unused-vars
  1326:7   warning  '$' is not defined                                     no-undef
  1329:3   warning  '$' is not defined                                     no-undef
  1331:5   warning  '$' is not defined                                     no-undef
  1332:30  warning  '$' is not defined                                     no-undef
  1334:5   warning  '$' is not defined                                     no-undef
  1349:5   warning  '$' is not defined                                     no-undef
  1349:42  warning  'event' is defined but never used                      no-unused-vars
  1350:7   warning  '$' is not defined                                     no-undef
  1353:3   warning  '$' is not defined                                     no-undef
  1355:5   warning  '$' is not defined                                     no-undef
  1356:30  warning  '$' is not defined                                     no-undef
  1358:5   warning  '$' is not defined                                     no-undef
  1373:5   warning  '$' is not defined                                     no-undef
  1373:42  warning  'event' is defined but never used                      no-unused-vars
  1374:7   warning  '$' is not defined                                     no-undef
  1377:3   warning  '$' is not defined                                     no-undef
  1379:5   warning  '$' is not defined                                     no-undef
  1380:30  warning  '$' is not defined                                     no-undef
  1382:5   warning  '$' is not defined                                     no-undef
  1397:5   warning  '$' is not defined                                     no-undef
  1397:42  warning  'event' is defined but never used                      no-unused-vars
  1398:7   warning  '$' is not defined                                     no-undef
  1403:10  warning  'changeName' is defined but never used                 no-unused-vars
  1406:3   warning  '$' is not defined                                     no-undef
  1408:5   warning  'plotData' is not defined                              no-undef
  1423:3   warning  '$' is not defined                                     no-undef
  1424:3   warning  '$' is not defined                                     no-undef
  1425:3   warning  '$' is not defined                                     no-undef
  1426:3   warning  '$' is not defined                                     no-undef
  1427:3   warning  '$' is not defined                                     no-undef
  1428:3   warning  '$' is not defined                                     no-undef
  1446:10  warning  'firstGateSubmitted' is defined but never used         no-unused-vars
  1453:7   warning  'openPopup' is not defined                             no-undef
  1460:9   warning  'openPopup' is not defined                             no-undef
  1472:9   warning  '$' is not defined                                     no-undef
  1483:5   warning  'openPopup' is not defined                             no-undef
  1485:5   warning  'openPopup' is not defined                             no-undef
  1490:5   warning  'plotData' is not defined                              no-undef
  1494:10  warning  'gateSubmitted' is defined but never used              no-unused-vars
  1500:7   warning  'openPopup' is not defined                             no-undef
  1510:11  warning  '$' is not defined                                     no-undef
  1518:11  warning  'openPopup' is not defined                             no-undef
  1525:9   warning  'openPopupbutton' is not defined                       no-undef
  1536:5   warning  'openPopup' is not defined                             no-undef
  1538:5   warning  'openPopup' is not defined                             no-undef
  1543:5   warning  'plotData' is not defined                              no-undef
  1546:10  warning  'acSubmited' is defined but never used                 no-unused-vars
  1555:5   warning  '$' is not defined                                     no-undef
  1569:5   warning  '$' is not defined                                     no-undef
  1570:9   warning  'k' is already defined                                 no-redeclare
  1581:5   warning  'plotData' is not defined                              no-undef
  1584:10  warning  'dcSubmited' is defined but never used                 no-unused-vars
  1590:5   warning  '$' is not defined                                     no-undef
  1595:5   warning  'plotData' is not defined                              no-undef
  1599:10  warning  'resisSubmited' is defined but never used              no-unused-vars
  1605:5   warning  '$' is not defined                                     no-undef
  1608:5   warning  '$' is not defined                                     no-undef
  1613:5   warning  'plotData' is not defined                              no-undef
  1617:10  warning  'gateSubmitted2' is defined but never used             no-unused-vars
  1623:7   warning  'openPopup' is not defined                             no-undef
  1633:11  warning  '$' is not defined                                     no-undef
  1641:11  warning  'openPopup' is not defined                             no-undef
  1648:9   warning  'openPopupbutton' is not defined                       no-undef
  1656:5   warning  'openPopup' is not defined                             no-undef
  1658:5   warning  'openPopup' is not defined                             no-undef
  1663:5   warning  'plotData' is not defined                              no-undef
  1666:10  warning  'instchange' is defined but never used                 no-unused-vars
  1670:1   warning  '$' is not defined                                     no-undef
  1671:3   warning  '$' is not defined                                     no-undef
  1672:5   warning  '$' is not defined                                     no-undef
  1678:7   warning  'openPopup' is not defined                             no-undef
  1684:7   warning  'openPopup' is not defined                             no-undef
  1692:5   warning  'openPopup' is not defined                             no-undef
  1700:10  warning  'showreadings' is defined but never used               no-unused-vars
  1713:11  warning  'str' is not defined                                   no-undef
  1714:29  warning  'str' is not defined                                   no-undef
  1718:11  warning  'openPopup' is not defined                             no-undef

/home/runner/work/exp-step-up-chopper-r-load-iitr/exp-step-up-chopper-r-load-iitr/experiment/simulation/js/datasets.js
  13610:7  warning  'xval' is assigned a value but never used     no-unused-vars
  14275:7  warning  'dataset' is assigned a value but never used  no-unused-vars

/home/runner/work/exp-step-up-chopper-r-load-iitr/exp-step-up-chopper-r-load-iitr/experiment/simulation/js/graph.js
    1:10  warning  'plotData' is defined but never used      no-unused-vars
    3:5   warning  'values' is not defined                   no-undef
    4:5   warning  'values' is not defined                   no-undef
    5:5   warning  'values' is not defined                   no-undef
    6:5   warning  'values' is not defined                   no-undef
   10:17  warning  'dataset' is not defined                  no-undef
   11:5   warning  'a' is not defined                        no-undef
   16:5   warning  'Plotly' is not defined                   no-undef
   20:14  warning  'xval' is not defined                     no-undef
   21:14  warning  'a' is not defined                        no-undef
   39:24  warning  'values' is not defined                   no-undef
   55:5   warning  'Plotly' is not defined                   no-undef
   59:14  warning  'xval' is not defined                     no-undef
   60:14  warning  'a' is not defined                        no-undef
   78:24  warning  'values' is not defined                   no-undef
   81:23  warning  'a' is not defined                        no-undef
   81:39  warning  'a' is not defined                        no-undef
   81:49  warning  'a' is not defined                        no-undef
   81:65  warning  'a' is not defined                        no-undef
   93:5   warning  'Plotly' is not defined                   no-undef
   97:14  warning  'xval' is not defined                     no-undef
   98:14  warning  'a' is not defined                        no-undef
  116:24  warning  'values' is not defined                   no-undef
  119:23  warning  'a' is not defined                        no-undef
  119:39  warning  'a' is not defined                        no-undef
  119:49  warning  'a' is not defined                        no-undef
  119:65  warning  'a' is not defined                        no-undef
  131:5   warning  'Plotly' is not defined                   no-undef
  135:14  warning  'xval' is not defined                     no-undef
  136:14  warning  'a' is not defined                        no-undef
  155:19  warning  'values' is not defined                   no-undef
  155:49  warning  'values' is not defined                   no-undef
  158:23  warning  'a' is not defined                        no-undef
  158:39  warning  'a' is not defined                        no-undef
  158:49  warning  'a' is not defined                        no-undef
  158:65  warning  'a' is not defined                        no-undef
  169:10  warning  'Reset' is defined but never used         no-unused-vars
  173:10  warning  'showtable' is defined but never used     no-unused-vars
  175:8   warning  Unexpected constant condition             no-constant-condition
  182:25  warning  'values' is not defined                   no-undef
  183:28  warning  'values' is not defined                   no-undef
  184:31  warning  'values' is not defined                   no-undef
  185:28  warning  'values' is not defined                   no-undef
  200:9   warning  'xval' is not defined                     no-undef
  204:15  warning  'dataset' is not defined                  no-undef
  205:9   warning  'xval' is not defined                     no-undef
  252:3   warning  'values' is not defined                   no-undef
  253:3   warning  'values' is not defined                   no-undef
  254:3   warning  'values' is not defined                   no-undef
  255:3   warning  'values' is not defined                   no-undef
  264:10  warning  'generateData' is defined but never used  no-unused-vars
  265:27  warning  'values' is not defined                   no-undef
  266:27  warning  'values' is not defined                   no-undef
  267:27  warning  'values' is not defined                   no-undef
  268:25  warning  'values' is not defined                   no-undef
  269:31  warning  'values' is not defined                   no-undef
  270:28  warning  'combination' is not defined              no-undef
  271:28  warning  'combination' is not defined              no-undef
  272:28  warning  'combination' is not defined              no-undef
  273:28  warning  'combination' is not defined              no-undef
  274:28  warning  'combination' is not defined              no-undef
  275:28  warning  'combination' is not defined              no-undef
  378:3   warning  'values' is not defined                   no-undef
  379:3   warning  'values' is not defined                   no-undef
  380:3   warning  'values' is not defined                   no-undef
  381:3   warning  'values' is not defined                   no-undef

/home/runner/work/exp-step-up-chopper-r-load-iitr/exp-step-up-chopper-r-load-iitr/experiment/simulation/js/popup.js
   6:10  warning  'openPopup' is defined but never used        no-unused-vars
  13:10  warning  'openPopupbutton' is defined but never used  no-unused-vars
  22:10  warning  'closePopup' is defined but never used       no-unused-vars

/home/runner/work/exp-step-up-chopper-r-load-iitr/exp-step-up-chopper-r-load-iitr/experiment/simulation/js/script.js
   109:5   warning  'combination_flag' is assigned a value but never used  no-unused-vars
   111:16  warning  'jsPlumb' is not defined                               no-undef
   116:3   warning  '$' is not defined                                     no-undef
   121:3   warning  '$' is not defined                                     no-undef
   123:11  warning  '$' is not defined                                     no-undef
   129:16  warning  Empty block statement                                  no-empty
   131:18  warning  '$' is not defined                                     no-undef
   132:13  warning  'a' is already defined                                 no-redeclare
   137:16  warning  Empty block statement                                  no-empty
   139:18  warning  '$' is not defined                                     no-undef
   140:13  warning  'a' is already defined                                 no-redeclare
   145:16  warning  Empty block statement                                  no-empty
   147:18  warning  '$' is not defined                                     no-undef
   148:13  warning  'a' is already defined                                 no-redeclare
   153:16  warning  Empty block statement                                  no-empty
   155:18  warning  '$' is not defined                                     no-undef
   156:13  warning  'a' is already defined                                 no-redeclare
   161:16  warning  Empty block statement                                  no-empty
   163:18  warning  '$' is not defined                                     no-undef
   164:13  warning  'a' is already defined                                 no-redeclare
   169:16  warning  Empty block statement                                  no-empty
   171:18  warning  '$' is not defined                                     no-undef
   172:13  warning  'a' is already defined                                 no-redeclare
   177:16  warning  Empty block statement                                  no-empty
   179:18  warning  '$' is not defined                                     no-undef
   180:13  warning  'a' is already defined                                 no-redeclare
   185:16  warning  Empty block statement                                  no-empty
   187:18  warning  '$' is not defined                                     no-undef
   188:13  warning  'a' is already defined                                 no-redeclare
   193:16  warning  Empty block statement                                  no-empty
   195:18  warning  '$' is not defined                                     no-undef
   196:13  warning  'a' is already defined                                 no-redeclare
   201:16  warning  Empty block statement                                  no-empty
   203:18  warning  '$' is not defined                                     no-undef
   204:13  warning  'a' is already defined                                 no-redeclare
   209:16  warning  Empty block statement                                  no-empty
   563:12  warning  'createEnd' is defined but never used                  no-unused-vars
   915:9   warning  'plotData' is not defined                              no-undef
   920:38  warning  'event' is defined but never used                      no-unused-vars
   939:7   warning  'openPopup' is not defined                             no-undef
   955:16  warning  'ele' is already defined                               no-redeclare
   968:3   warning  '$' is not defined                                     no-undef
   973:3   warning  '$' is not defined                                     no-undef
   975:5   warning  '$' is not defined                                     no-undef
   976:30  warning  '$' is not defined                                     no-undef
   979:7   warning  '$' is not defined                                     no-undef
  1007:7   warning  '$' is not defined                                     no-undef
  1038:5   warning  '$' is not defined                                     no-undef
  1038:42  warning  'event' is defined but never used                      no-unused-vars
  1039:7   warning  '$' is not defined                                     no-undef
  1042:3   warning  '$' is not defined                                     no-undef
  1044:5   warning  '$' is not defined                                     no-undef
  1045:30  warning  '$' is not defined                                     no-undef
  1048:7   warning  '$' is not defined                                     no-undef
  1076:7   warning  '$' is not defined                                     no-undef
  1107:5   warning  '$' is not defined                                     no-undef
  1107:42  warning  'event' is defined but never used                      no-unused-vars
  1108:7   warning  '$' is not defined                                     no-undef
  1113:3   warning  '$' is not defined                                     no-undef
  1115:5   warning  '$' is not defined                                     no-undef
  1116:30  warning  '$' is not defined                                     no-undef
  1119:7   warning  '$' is not defined                                     no-undef
  1147:7   warning  '$' is not defined                                     no-undef
  1175:5   warning  '$' is not defined                                     no-undef
  1175:42  warning  'event' is defined but never used                      no-unused-vars
  1176:7   warning  '$' is not defined                                     no-undef
  1182:3   warning  '$' is not defined                                     no-undef
  1184:5   warning  '$' is not defined                                     no-undef
  1185:30  warning  '$' is not defined                                     no-undef
  1187:7   warning  '$' is not defined                                     no-undef
  1243:7   warning  '$' is not defined                                     no-undef
  1276:5   warning  '$' is not defined                                     no-undef
  1276:42  warning  'event' is defined but never used                      no-unused-vars
  1277:7   warning  '$' is not defined                                     no-undef
  1281:3   warning  '$' is not defined                                     no-undef
  1283:5   warning  '$' is not defined                                     no-undef
  1284:30  warning  '$' is not defined                                     no-undef
  1286:5   warning  '$' is not defined                                     no-undef
  1301:5   warning  '$' is not defined                                     no-undef
  1301:42  warning  'event' is defined but never used                      no-unused-vars
  1302:7   warning  '$' is not defined                                     no-undef
  1305:3   warning  '$' is not defined                                     no-undef
  1307:5   warning  '$' is not defined                                     no-undef
  1308:30  warning  '$' is not defined                                     no-undef
  1310:5   warning  '$' is not defined                                     no-undef
  1325:5   warning  '$' is not defined                                     no-undef
  1325:42  warning  'event' is defined but never used                      no-unused-vars
  1326:7   warning  '$' is not defined                                     no-undef
  1329:3   warning  '$' is not defined                                     no-undef
  1331:5   warning  '$' is not defined                                     no-undef
  1332:30  warning  '$' is not defined                                     no-undef
  1334:5   warning  '$' is not defined                                     no-undef
  1349:5   warning  '$' is not defined                                     no-undef
  1349:42  warning  'event' is defined but never used                      no-unused-vars
  1350:7   warning  '$' is not defined                                     no-undef
  1353:3   warning  '$' is not defined                                     no-undef
  1355:5   warning  '$' is not defined                                     no-undef
  1356:30  warning  '$' is not defined                                     no-undef
  1358:5   warning  '$' is not defined                                     no-undef
  1373:5   warning  '$' is not defined                                     no-undef
  1373:42  warning  'event' is defined but never used                      no-unused-vars
  1374:7   warning  '$' is not defined                                     no-undef
  1377:3   warning  '$' is not defined                                     no-undef
  1379:5   warning  '$' is not defined                                     no-undef
  1380:30  warning  '$' is not defined                                     no-undef
  1382:5   warning  '$' is not defined                                     no-undef
  1397:5   warning  '$' is not defined                                     no-undef
  1397:42  warning  'event' is defined but never used                      no-unused-vars
  1398:7   warning  '$' is not defined                                     no-undef
  1403:10  warning  'changeName' is defined but never used                 no-unused-vars
  1406:3   warning  '$' is not defined                                     no-undef
  1408:5   warning  'plotData' is not defined                              no-undef
  1423:3   warning  '$' is not defined                                     no-undef
  1424:3   warning  '$' is not defined                                     no-undef
  1425:3   warning  '$' is not defined                                     no-undef
  1426:3   warning  '$' is not defined                                     no-undef
  1427:3   warning  '$' is not defined                                     no-undef
  1428:3   warning  '$' is not defined                                     no-undef
  1446:10  warning  'firstGateSubmitted' is defined but never used         no-unused-vars
  1453:7   warning  'openPopup' is not defined                             no-undef
  1460:9   warning  'openPopup' is not defined                             no-undef
  1472:9   warning  '$' is not defined                                     no-undef
  1483:5   warning  'openPopup' is not defined                             no-undef
  1485:5   warning  'openPopup' is not defined                             no-undef
  1490:5   warning  'plotData' is not defined                              no-undef
  1494:10  warning  'gateSubmitted' is defined but never used              no-unused-vars
  1500:7   warning  'openPopup' is not defined                             no-undef
  1510:11  warning  '$' is not defined                                     no-undef
  1518:11  warning  'openPopup' is not defined                             no-undef
  1525:9   warning  'openPopupbutton' is not defined                       no-undef
  1536:5   warning  'openPopup' is not defined                             no-undef
  1538:5   warning  'openPopup' is not defined                             no-undef
  1543:5   warning  'plotData' is not defined                              no-undef
  1546:10  warning  'acSubmited' is defined but never used                 no-unused-vars
  1555:5   warning  '$' is not defined                                     no-undef
  1569:5   warning  '$' is not defined                                     no-undef
  1570:9   warning  'k' is already defined                                 no-redeclare
  1581:5   warning  'plotData' is not defined                              no-undef
  1584:10  warning  'dcSubmited' is defined but never used                 no-unused-vars
  1590:5   warning  '$' is not defined                                     no-undef
  1595:5   warning  'plotData' is not defined                              no-undef
  1599:10  warning  'resisSubmited' is defined but never used              no-unused-vars
  1605:5   warning  '$' is not defined                                     no-undef
  1608:5   warning  '$' is not defined                                     no-undef
  1613:5   warning  'plotData' is not defined                              no-undef
  1617:10  warning  'gateSubmitted2' is defined but never used             no-unused-vars
  1623:7   warning  'openPopup' is not defined                             no-undef
  1633:11  warning  '$' is not defined                                     no-undef
  1641:11  warning  'openPopup' is not defined                             no-undef
  1648:9   warning  'openPopupbutton' is not defined                       no-undef
  1656:5   warning  'openPopup' is not defined                             no-undef
  1658:5   warning  'openPopup' is not defined                             no-undef
  1663:5   warning  'plotData' is not defined                              no-undef
  1666:10  warning  'instchange' is defined but never used                 no-unused-vars
  1670:1   warning  '$' is not defined                                     no-undef
  1671:3   warning  '$' is not defined                                     no-undef
  1672:5   warning  '$' is not defined                                     no-undef
  1678:7   warning  'openPopup' is not defined                             no-undef
  1684:7   warning  'openPopup' is not defined                             no-undef
  1692:5   warning  'openPopup' is not defined                             no-undef
  1700:10  warning  'showreadings' is defined but never used               no-unused-vars
  1713:11  warning  'str' is not defined                                   no-undef
  1714:29  warning  'str' is not defined                                   no-undef
  1718:11  warning  'openPopup' is not defined                             no-undef

✖ 470 problems (0 errors, 470 warnings)

